2019-06-30 20:35:14.314 [main] INFO  org.apache.kafka.clients.consumer.ConsumerConfig - ConsumerConfig values: 
	auto.commit.interval.ms = 1000
	auto.offset.reset = earliest
	bootstrap.servers = [192.168.159.128:9092]
	check.crcs = true
	client.dns.lookup = default
	client.id = 
	connections.max.idle.ms = 540000
	default.api.timeout.ms = 60000
	enable.auto.commit = true
	exclude.internal.topics = true
	fetch.max.bytes = 52428800
	fetch.max.wait.ms = 500
	fetch.min.bytes = 1
	group.id = test-consumer-group
	heartbeat.interval.ms = 3000
	interceptor.classes = []
	internal.leave.group.on.close = true
	isolation.level = read_uncommitted
	key.deserializer = class org.apache.kafka.common.serialization.StringDeserializer
	max.partition.fetch.bytes = 1048576
	max.poll.interval.ms = 300000
	max.poll.records = 500
	metadata.max.age.ms = 300000
	metric.reporters = []
	metrics.num.samples = 2
	metrics.recording.level = INFO
	metrics.sample.window.ms = 30000
	partition.assignment.strategy = [class org.apache.kafka.clients.consumer.RangeAssignor]
	receive.buffer.bytes = 65536
	reconnect.backoff.max.ms = 1000
	reconnect.backoff.ms = 50
	request.timeout.ms = 30000
	retry.backoff.ms = 100
	sasl.client.callback.handler.class = null
	sasl.jaas.config = null
	sasl.kerberos.kinit.cmd = /usr/bin/kinit
	sasl.kerberos.min.time.before.relogin = 60000
	sasl.kerberos.service.name = null
	sasl.kerberos.ticket.renew.jitter = 0.05
	sasl.kerberos.ticket.renew.window.factor = 0.8
	sasl.login.callback.handler.class = null
	sasl.login.class = null
	sasl.login.refresh.buffer.seconds = 300
	sasl.login.refresh.min.period.seconds = 60
	sasl.login.refresh.window.factor = 0.8
	sasl.login.refresh.window.jitter = 0.05
	sasl.mechanism = GSSAPI
	security.protocol = PLAINTEXT
	send.buffer.bytes = 131072
	session.timeout.ms = 10000
	ssl.cipher.suites = null
	ssl.enabled.protocols = [TLSv1.2, TLSv1.1, TLSv1]
	ssl.endpoint.identification.algorithm = https
	ssl.key.password = null
	ssl.keymanager.algorithm = SunX509
	ssl.keystore.location = null
	ssl.keystore.password = null
	ssl.keystore.type = JKS
	ssl.protocol = TLS
	ssl.provider = null
	ssl.secure.random.implementation = null
	ssl.trustmanager.algorithm = PKIX
	ssl.truststore.location = null
	ssl.truststore.password = null
	ssl.truststore.type = JKS
	value.deserializer = class org.apache.kafka.common.serialization.StringDeserializer

2019-06-30 20:35:15.308 [main] INFO  org.apache.kafka.common.utils.AppInfoParser - Kafka version: 2.2.0
2019-06-30 20:35:15.308 [main] INFO  org.apache.kafka.common.utils.AppInfoParser - Kafka commitId: 05fcfde8f69b0349
2019-06-30 20:35:15.312 [main] INFO  org.apache.kafka.clients.consumer.KafkaConsumer - [Consumer clientId=consumer-1, groupId=test-consumer-group] Subscribed to topic(s): first
2019-06-30 20:35:16.385 [main] INFO  org.apache.kafka.clients.Metadata - Cluster ID: 5Qpvwq3qRzeYzLI_iKD8-w
2019-06-30 20:35:16.444 [main] INFO  o.a.k.c.consumer.internals.AbstractCoordinator - [Consumer clientId=consumer-1, groupId=test-consumer-group] Discovered group coordinator 192.168.159.128:9092 (id: 2147483646 rack: null)
2019-06-30 20:35:16.463 [main] INFO  o.a.k.c.consumer.internals.ConsumerCoordinator - [Consumer clientId=consumer-1, groupId=test-consumer-group] Revoking previously assigned partitions []
2019-06-30 20:35:16.463 [main] INFO  o.a.k.c.consumer.internals.AbstractCoordinator - [Consumer clientId=consumer-1, groupId=test-consumer-group] (Re-)joining group
2019-06-30 20:35:16.760 [main] INFO  o.a.k.c.consumer.internals.AbstractCoordinator - [Consumer clientId=consumer-1, groupId=test-consumer-group] (Re-)joining group
2019-06-30 20:35:17.464 [main] INFO  o.a.k.c.consumer.internals.AbstractCoordinator - [Consumer clientId=consumer-1, groupId=test-consumer-group] Successfully joined group with generation 1
2019-06-30 20:35:17.464 [main] INFO  o.a.k.c.consumer.internals.ConsumerCoordinator - [Consumer clientId=consumer-1, groupId=test-consumer-group] Setting newly assigned partitions: first-1, first-0
2019-06-30 20:35:17.651 [main] INFO  o.apache.kafka.clients.consumer.internals.Fetcher - [Consumer clientId=consumer-1, groupId=test-consumer-group] Resetting offset for partition first-1 to offset 0.
2019-06-30 20:35:17.667 [main] INFO  o.apache.kafka.clients.consumer.internals.Fetcher - [Consumer clientId=consumer-1, groupId=test-consumer-group] Resetting offset for partition first-0 to offset 0.
2019-06-30 20:35:18.441 [main] INFO  o.a.k.c.consumer.internals.AbstractCoordinator - [Consumer clientId=consumer-1, groupId=test-consumer-group] Member consumer-1-61f04913-b784-4c44-80bc-e84ef0333cef sending LeaveGroup request to coordinator 192.168.159.128:9092 (id: 2147483646 rack: null)
2019-06-30 20:36:25.527 [main] INFO  org.apache.kafka.clients.consumer.ConsumerConfig - ConsumerConfig values: 
	auto.commit.interval.ms = 1000
	auto.offset.reset = earliest
	bootstrap.servers = [192.168.159.128:9092]
	check.crcs = true
	client.dns.lookup = default
	client.id = 
	connections.max.idle.ms = 540000
	default.api.timeout.ms = 60000
	enable.auto.commit = true
	exclude.internal.topics = true
	fetch.max.bytes = 52428800
	fetch.max.wait.ms = 500
	fetch.min.bytes = 1
	group.id = test-consumer-group
	heartbeat.interval.ms = 3000
	interceptor.classes = []
	internal.leave.group.on.close = true
	isolation.level = read_uncommitted
	key.deserializer = class org.apache.kafka.common.serialization.StringDeserializer
	max.partition.fetch.bytes = 1048576
	max.poll.interval.ms = 300000
	max.poll.records = 500
	metadata.max.age.ms = 300000
	metric.reporters = []
	metrics.num.samples = 2
	metrics.recording.level = INFO
	metrics.sample.window.ms = 30000
	partition.assignment.strategy = [class org.apache.kafka.clients.consumer.RangeAssignor]
	receive.buffer.bytes = 65536
	reconnect.backoff.max.ms = 1000
	reconnect.backoff.ms = 50
	request.timeout.ms = 30000
	retry.backoff.ms = 100
	sasl.client.callback.handler.class = null
	sasl.jaas.config = null
	sasl.kerberos.kinit.cmd = /usr/bin/kinit
	sasl.kerberos.min.time.before.relogin = 60000
	sasl.kerberos.service.name = null
	sasl.kerberos.ticket.renew.jitter = 0.05
	sasl.kerberos.ticket.renew.window.factor = 0.8
	sasl.login.callback.handler.class = null
	sasl.login.class = null
	sasl.login.refresh.buffer.seconds = 300
	sasl.login.refresh.min.period.seconds = 60
	sasl.login.refresh.window.factor = 0.8
	sasl.login.refresh.window.jitter = 0.05
	sasl.mechanism = GSSAPI
	security.protocol = PLAINTEXT
	send.buffer.bytes = 131072
	session.timeout.ms = 10000
	ssl.cipher.suites = null
	ssl.enabled.protocols = [TLSv1.2, TLSv1.1, TLSv1]
	ssl.endpoint.identification.algorithm = https
	ssl.key.password = null
	ssl.keymanager.algorithm = SunX509
	ssl.keystore.location = null
	ssl.keystore.password = null
	ssl.keystore.type = JKS
	ssl.protocol = TLS
	ssl.provider = null
	ssl.secure.random.implementation = null
	ssl.trustmanager.algorithm = PKIX
	ssl.truststore.location = null
	ssl.truststore.password = null
	ssl.truststore.type = JKS
	value.deserializer = class org.apache.kafka.common.serialization.StringDeserializer

2019-06-30 20:36:25.914 [main] INFO  org.apache.kafka.common.utils.AppInfoParser - Kafka version: 2.2.0
2019-06-30 20:36:25.914 [main] INFO  org.apache.kafka.common.utils.AppInfoParser - Kafka commitId: 05fcfde8f69b0349
2019-06-30 20:36:25.918 [main] INFO  org.apache.kafka.clients.consumer.KafkaConsumer - [Consumer clientId=consumer-1, groupId=test-consumer-group] Subscribed to topic(s): first
2019-06-30 20:36:26.207 [main] INFO  org.apache.kafka.clients.Metadata - Cluster ID: 5Qpvwq3qRzeYzLI_iKD8-w
2019-06-30 20:36:26.215 [main] INFO  o.a.k.c.consumer.internals.AbstractCoordinator - [Consumer clientId=consumer-1, groupId=test-consumer-group] Discovered group coordinator 192.168.159.128:9092 (id: 2147483646 rack: null)
2019-06-30 20:36:26.223 [main] INFO  o.a.k.c.consumer.internals.ConsumerCoordinator - [Consumer clientId=consumer-1, groupId=test-consumer-group] Revoking previously assigned partitions []
2019-06-30 20:36:26.223 [main] INFO  o.a.k.c.consumer.internals.AbstractCoordinator - [Consumer clientId=consumer-1, groupId=test-consumer-group] (Re-)joining group
2019-06-30 20:36:26.235 [main] INFO  o.a.k.c.consumer.internals.AbstractCoordinator - [Consumer clientId=consumer-1, groupId=test-consumer-group] (Re-)joining group
2019-06-30 20:36:26.258 [main] INFO  o.a.k.c.consumer.internals.AbstractCoordinator - [Consumer clientId=consumer-1, groupId=test-consumer-group] Successfully joined group with generation 3
2019-06-30 20:36:26.258 [main] INFO  o.a.k.c.consumer.internals.ConsumerCoordinator - [Consumer clientId=consumer-1, groupId=test-consumer-group] Setting newly assigned partitions: first-1, first-0
2019-06-30 20:39:51.681 [main] INFO  org.apache.kafka.clients.producer.ProducerConfig - ProducerConfig values: 
	acks = -1
	batch.size = 323840
	bootstrap.servers = [192.168.159.128:9092]
	buffer.memory = 33554432
	client.dns.lookup = default
	client.id = 
	compression.type = lz4
	connections.max.idle.ms = 540000
	delivery.timeout.ms = 120000
	enable.idempotence = false
	interceptor.classes = []
	key.serializer = class org.apache.kafka.common.serialization.StringSerializer
	linger.ms = 10
	max.block.ms = 3000
	max.in.flight.requests.per.connection = 5
	max.request.size = 1048576
	metadata.max.age.ms = 300000
	metric.reporters = []
	metrics.num.samples = 2
	metrics.recording.level = INFO
	metrics.sample.window.ms = 30000
	partitioner.class = class org.apache.kafka.clients.producer.internals.DefaultPartitioner
	receive.buffer.bytes = 32768
	reconnect.backoff.max.ms = 1000
	reconnect.backoff.ms = 50
	request.timeout.ms = 30000
	retries = 3
	retry.backoff.ms = 100
	sasl.client.callback.handler.class = null
	sasl.jaas.config = null
	sasl.kerberos.kinit.cmd = /usr/bin/kinit
	sasl.kerberos.min.time.before.relogin = 60000
	sasl.kerberos.service.name = null
	sasl.kerberos.ticket.renew.jitter = 0.05
	sasl.kerberos.ticket.renew.window.factor = 0.8
	sasl.login.callback.handler.class = null
	sasl.login.class = null
	sasl.login.refresh.buffer.seconds = 300
	sasl.login.refresh.min.period.seconds = 60
	sasl.login.refresh.window.factor = 0.8
	sasl.login.refresh.window.jitter = 0.05
	sasl.mechanism = GSSAPI
	security.protocol = PLAINTEXT
	send.buffer.bytes = 131072
	ssl.cipher.suites = null
	ssl.enabled.protocols = [TLSv1.2, TLSv1.1, TLSv1]
	ssl.endpoint.identification.algorithm = https
	ssl.key.password = null
	ssl.keymanager.algorithm = SunX509
	ssl.keystore.location = null
	ssl.keystore.password = null
	ssl.keystore.type = JKS
	ssl.protocol = TLS
	ssl.provider = null
	ssl.secure.random.implementation = null
	ssl.trustmanager.algorithm = PKIX
	ssl.truststore.location = null
	ssl.truststore.password = null
	ssl.truststore.type = JKS
	transaction.timeout.ms = 60000
	transactional.id = null
	value.serializer = class org.apache.kafka.common.serialization.StringSerializer

2019-06-30 20:39:52.251 [main] INFO  org.apache.kafka.common.utils.AppInfoParser - Kafka version: 2.2.0
2019-06-30 20:39:52.255 [main] INFO  org.apache.kafka.common.utils.AppInfoParser - Kafka commitId: 05fcfde8f69b0349
2019-06-30 20:39:52.673 [kafka-producer-network-thread | producer-1] INFO  org.apache.kafka.clients.Metadata - Cluster ID: 5Qpvwq3qRzeYzLI_iKD8-w
2019-06-30 20:39:52.857 [main] INFO  org.apache.kafka.clients.producer.KafkaProducer - [Producer clientId=producer-1] Closing the Kafka producer with timeoutMillis = 9223372036854775807 ms.
2019-06-30 22:30:22.919 [main] INFO  org.apache.kafka.clients.consumer.ConsumerConfig - ConsumerConfig values: 
	auto.commit.interval.ms = 1000
	auto.offset.reset = earliest
	bootstrap.servers = [192.168.159.128:9092]
	check.crcs = true
	client.dns.lookup = default
	client.id = 
	connections.max.idle.ms = 540000
	default.api.timeout.ms = 60000
	enable.auto.commit = true
	exclude.internal.topics = true
	fetch.max.bytes = 52428800
	fetch.max.wait.ms = 500
	fetch.min.bytes = 1
	group.id = group1
	heartbeat.interval.ms = 3000
	interceptor.classes = []
	internal.leave.group.on.close = true
	isolation.level = read_uncommitted
	key.deserializer = class org.apache.kafka.common.serialization.StringDeserializer
	max.partition.fetch.bytes = 1048576
	max.poll.interval.ms = 300000
	max.poll.records = 500
	metadata.max.age.ms = 300000
	metric.reporters = []
	metrics.num.samples = 2
	metrics.recording.level = INFO
	metrics.sample.window.ms = 30000
	partition.assignment.strategy = [class org.apache.kafka.clients.consumer.RangeAssignor]
	receive.buffer.bytes = 65536
	reconnect.backoff.max.ms = 1000
	reconnect.backoff.ms = 50
	request.timeout.ms = 30000
	retry.backoff.ms = 100
	sasl.client.callback.handler.class = null
	sasl.jaas.config = null
	sasl.kerberos.kinit.cmd = /usr/bin/kinit
	sasl.kerberos.min.time.before.relogin = 60000
	sasl.kerberos.service.name = null
	sasl.kerberos.ticket.renew.jitter = 0.05
	sasl.kerberos.ticket.renew.window.factor = 0.8
	sasl.login.callback.handler.class = null
	sasl.login.class = null
	sasl.login.refresh.buffer.seconds = 300
	sasl.login.refresh.min.period.seconds = 60
	sasl.login.refresh.window.factor = 0.8
	sasl.login.refresh.window.jitter = 0.05
	sasl.mechanism = GSSAPI
	security.protocol = PLAINTEXT
	send.buffer.bytes = 131072
	session.timeout.ms = 10000
	ssl.cipher.suites = null
	ssl.enabled.protocols = [TLSv1.2, TLSv1.1, TLSv1]
	ssl.endpoint.identification.algorithm = https
	ssl.key.password = null
	ssl.keymanager.algorithm = SunX509
	ssl.keystore.location = null
	ssl.keystore.password = null
	ssl.keystore.type = JKS
	ssl.protocol = TLS
	ssl.provider = null
	ssl.secure.random.implementation = null
	ssl.trustmanager.algorithm = PKIX
	ssl.truststore.location = null
	ssl.truststore.password = null
	ssl.truststore.type = JKS
	value.deserializer = class org.apache.kafka.common.serialization.StringDeserializer

2019-06-30 22:30:23.868 [main] INFO  org.apache.kafka.common.utils.AppInfoParser - Kafka version: 2.2.0
2019-06-30 22:30:23.868 [main] INFO  org.apache.kafka.common.utils.AppInfoParser - Kafka commitId: 05fcfde8f69b0349
2019-06-30 22:30:23.887 [main] INFO  org.apache.kafka.clients.consumer.KafkaConsumer - [Consumer clientId=consumer-1, groupId=group1] Subscribed to topic(s): first
2019-06-30 22:30:24.556 [main] INFO  org.apache.kafka.clients.Metadata - Cluster ID: 5Qpvwq3qRzeYzLI_iKD8-w
2019-06-30 22:30:24.556 [main] INFO  o.a.k.c.consumer.internals.AbstractCoordinator - [Consumer clientId=consumer-1, groupId=group1] Discovered group coordinator 192.168.159.128:9092 (id: 2147483646 rack: null)
2019-06-30 22:30:24.571 [main] INFO  o.a.k.c.consumer.internals.ConsumerCoordinator - [Consumer clientId=consumer-1, groupId=group1] Revoking previously assigned partitions []
2019-06-30 22:30:24.571 [main] INFO  o.a.k.c.consumer.internals.AbstractCoordinator - [Consumer clientId=consumer-1, groupId=group1] (Re-)joining group
2019-06-30 22:30:24.587 [main] INFO  o.a.k.c.consumer.internals.AbstractCoordinator - [Consumer clientId=consumer-1, groupId=group1] (Re-)joining group
2019-06-30 22:30:24.665 [main] INFO  o.a.k.c.consumer.internals.AbstractCoordinator - [Consumer clientId=consumer-1, groupId=group1] Successfully joined group with generation 1
2019-06-30 22:30:24.665 [main] INFO  o.a.k.c.consumer.internals.ConsumerCoordinator - [Consumer clientId=consumer-1, groupId=group1] Setting newly assigned partitions: first-1, first-0
2019-06-30 22:30:24.696 [main] INFO  o.apache.kafka.clients.consumer.internals.Fetcher - [Consumer clientId=consumer-1, groupId=group1] Resetting offset for partition first-1 to offset 0.
2019-06-30 22:30:24.696 [main] INFO  o.apache.kafka.clients.consumer.internals.Fetcher - [Consumer clientId=consumer-1, groupId=group1] Resetting offset for partition first-0 to offset 0.
2019-06-30 22:30:38.579 [main] INFO  org.apache.kafka.clients.producer.ProducerConfig - ProducerConfig values: 
	acks = -1
	batch.size = 323840
	bootstrap.servers = [192.168.159.128:9092]
	buffer.memory = 33554432
	client.dns.lookup = default
	client.id = 
	compression.type = lz4
	connections.max.idle.ms = 540000
	delivery.timeout.ms = 120000
	enable.idempotence = false
	interceptor.classes = []
	key.serializer = class org.apache.kafka.common.serialization.StringSerializer
	linger.ms = 10
	max.block.ms = 3000
	max.in.flight.requests.per.connection = 5
	max.request.size = 1048576
	metadata.max.age.ms = 300000
	metric.reporters = []
	metrics.num.samples = 2
	metrics.recording.level = INFO
	metrics.sample.window.ms = 30000
	partitioner.class = class org.apache.kafka.clients.producer.internals.DefaultPartitioner
	receive.buffer.bytes = 32768
	reconnect.backoff.max.ms = 1000
	reconnect.backoff.ms = 50
	request.timeout.ms = 30000
	retries = 3
	retry.backoff.ms = 100
	sasl.client.callback.handler.class = null
	sasl.jaas.config = null
	sasl.kerberos.kinit.cmd = /usr/bin/kinit
	sasl.kerberos.min.time.before.relogin = 60000
	sasl.kerberos.service.name = null
	sasl.kerberos.ticket.renew.jitter = 0.05
	sasl.kerberos.ticket.renew.window.factor = 0.8
	sasl.login.callback.handler.class = null
	sasl.login.class = null
	sasl.login.refresh.buffer.seconds = 300
	sasl.login.refresh.min.period.seconds = 60
	sasl.login.refresh.window.factor = 0.8
	sasl.login.refresh.window.jitter = 0.05
	sasl.mechanism = GSSAPI
	security.protocol = PLAINTEXT
	send.buffer.bytes = 131072
	ssl.cipher.suites = null
	ssl.enabled.protocols = [TLSv1.2, TLSv1.1, TLSv1]
	ssl.endpoint.identification.algorithm = https
	ssl.key.password = null
	ssl.keymanager.algorithm = SunX509
	ssl.keystore.location = null
	ssl.keystore.password = null
	ssl.keystore.type = JKS
	ssl.protocol = TLS
	ssl.provider = null
	ssl.secure.random.implementation = null
	ssl.trustmanager.algorithm = PKIX
	ssl.truststore.location = null
	ssl.truststore.password = null
	ssl.truststore.type = JKS
	transaction.timeout.ms = 60000
	transactional.id = null
	value.serializer = class org.apache.kafka.common.serialization.StringSerializer

2019-06-30 22:30:39.255 [main] INFO  org.apache.kafka.common.utils.AppInfoParser - Kafka version: 2.2.0
2019-06-30 22:30:39.263 [main] INFO  org.apache.kafka.common.utils.AppInfoParser - Kafka commitId: 05fcfde8f69b0349
2019-06-30 22:30:40.107 [kafka-producer-network-thread | producer-1] INFO  org.apache.kafka.clients.Metadata - Cluster ID: 5Qpvwq3qRzeYzLI_iKD8-w
2019-06-30 22:30:40.279 [main] INFO  org.apache.kafka.clients.producer.KafkaProducer - [Producer clientId=producer-1] Closing the Kafka producer with timeoutMillis = 9223372036854775807 ms.
